# JRE version: OpenJDK Runtime Environment (8.0_242) (build 1.8.0_242-release-1644-b3-6222593)
# Java VM: OpenJDK 64-Bit Server VM (25.242-b3-6222593 mixed mode linux-amd64 compressed oops)
Heap:
 PSYoungGen      total 239616K, used 22522K [0x00000000d5580000, 0x00000000e5580000, 0x0000000100000000)
  eden space 217088K, 0% used [0x00000000d5580000,0x00000000d5580000,0x00000000e2980000)
  from space 22528K, 99% used [0x00000000e2980000,0x00000000e3f7e820,0x00000000e3f80000)
  to   space 19456K, 0% used [0x00000000e4280000,0x00000000e4280000,0x00000000e5580000)
 ParOldGen       total 72704K, used 55612K [0x0000000080000000, 0x0000000084700000, 0x00000000d5580000)
  object space 72704K, 76% used [0x0000000080000000,0x000000008364f3d8,0x0000000084700000)
 Metaspace       used 85340K, capacity 89398K, committed 89640K, reserved 1126400K
  class space    used 11546K, capacity 12318K, committed 12336K, reserved 1048576K
GC Heap History (10 events):
Event: 34.783 GC heap after
Heap after GC invocations=13 (full 2):
 PSYoungGen      total 142848K, used 12279K [0x00000000d5580000, 0x00000000e1f80000, 0x0000000100000000)
  eden space 130560K, 0% used [0x00000000d5580000,0x00000000d5580000,0x00000000dd500000)
  from space 12288K, 99% used [0x00000000dd500000,0x00000000de0fde30,0x00000000de100000)
  to   space 15872K, 0% used [0x00000000e1000000,0x00000000e1000000,0x00000000e1f80000)
 ParOldGen       total 45056K, used 21863K [0x0000000080000000, 0x0000000082c00000, 0x00000000d5580000)
  object space 45056K, 48% used [0x0000000080000000,0x0000000081559c60,0x0000000082c00000)
 Metaspace       used 46125K, capacity 47584K, committed 47912K, reserved 1091584K
  class space    used 6229K, capacity 6608K, committed 6704K, reserved 1048576K
}
Event: 43.936 GC heap before
{Heap before GC invocations=14 (full 2):
 PSYoungGen      total 142848K, used 141547K [0x00000000d5580000, 0x00000000e1f80000, 0x0000000100000000)
  eden space 130560K, 99% used [0x00000000d5580000,0x00000000dd3bcf48,0x00000000dd500000)
  from space 12288K, 99% used [0x00000000dd500000,0x00000000de0fde30,0x00000000de100000)
  to   space 15872K, 0% used [0x00000000e1000000,0x00000000e1000000,0x00000000e1f80000)
 ParOldGen       total 45056K, used 21863K [0x0000000080000000, 0x0000000082c00000, 0x00000000d5580000)
  object space 45056K, 48% used [0x0000000080000000,0x0000000081559c60,0x0000000082c00000)
 Metaspace       used 57092K, capacity 59044K, committed 59160K, reserved 1099776K
  class space    used 7838K, capacity 8313K, committed 8368K, reserved 1048576K
Event: 44.082 GC heap after
Heap after GC invocations=14 (full 2):
 PSYoungGen      total 188928K, used 14573K [0x00000000d5580000, 0x00000000e2300000, 0x0000000100000000)
  eden space 173056K, 0% used [0x00000000d5580000,0x00000000d5580000,0x00000000dfe80000)
  from space 15872K, 91% used [0x00000000e1000000,0x00000000e1e3b5b0,0x00000000e1f80000)
  to   space 17920K, 0% used [0x00000000dfe80000,0x00000000dfe80000,0x00000000e1000000)
 ParOldGen       total 45056K, used 29529K [0x0000000080000000, 0x0000000082c00000, 0x00000000d5580000)
  object space 45056K, 65% used [0x0000000080000000,0x0000000081cd6540,0x0000000082c00000)
 Metaspace       used 57092K, capacity 59044K, committed 59160K, reserved 1099776K
  class space    used 7838K, capacity 8313K, committed 8368K, reserved 1048576K
}
Event: 44.082 GC heap before
{Heap before GC invocations=15 (full 3):
 PSYoungGen      total 188928K, used 14573K [0x00000000d5580000, 0x00000000e2300000, 0x0000000100000000)
  eden space 173056K, 0% used [0x00000000d5580000,0x00000000d5580000,0x00000000dfe80000)
  from space 15872K, 91% used [0x00000000e1000000,0x00000000e1e3b5b0,0x00000000e1f80000)
  to   space 17920K, 0% used [0x00000000dfe80000,0x00000000dfe80000,0x00000000e1000000)
 ParOldGen       total 45056K, used 29529K [0x0000000080000000, 0x0000000082c00000, 0x00000000d5580000)
  object space 45056K, 65% used [0x0000000080000000,0x0000000081cd6540,0x0000000082c00000)
 Metaspace       used 57092K, capacity 59044K, committed 59160K, reserved 1099776K
  class space    used 7838K, capacity 8313K, committed 8368K, reserved 1048576K
Event: 44.640 GC heap after
Heap after GC invocations=15 (full 3):
 PSYoungGen      total 188928K, used 0K [0x00000000d5580000, 0x00000000e2300000, 0x0000000100000000)
  eden space 173056K, 0% used [0x00000000d5580000,0x00000000d5580000,0x00000000dfe80000)
  from space 15872K, 0% used [0x00000000e1000000,0x00000000e1000000,0x00000000e1f80000)
  to   space 17920K, 0% used [0x00000000dfe80000,0x00000000dfe80000,0x00000000e1000000)
 ParOldGen       total 72704K, used 34650K [0x0000000080000000, 0x0000000084700000, 0x00000000d5580000)
  object space 72704K, 47% used [0x0000000080000000,0x00000000821d6840,0x0000000084700000)
 Metaspace       used 57092K, capacity 59044K, committed 59160K, reserved 1099776K
  class space    used 7838K, capacity 8313K, committed 8368K, reserved 1048576K
}
Event: 58.886 GC heap before
{Heap before GC invocations=16 (full 3):
 PSYoungGen      total 188928K, used 172983K [0x00000000d5580000, 0x00000000e2300000, 0x0000000100000000)
  eden space 173056K, 99% used [0x00000000d5580000,0x00000000dfe6de38,0x00000000dfe80000)
  from space 15872K, 0% used [0x00000000e1000000,0x00000000e1000000,0x00000000e1f80000)
  to   space 17920K, 0% used [0x00000000dfe80000,0x00000000dfe80000,0x00000000e1000000)
 ParOldGen       total 72704K, used 34650K [0x0000000080000000, 0x0000000084700000, 0x00000000d5580000)
  object space 72704K, 47% used [0x0000000080000000,0x00000000821d6840,0x0000000084700000)
 Metaspace       used 63798K, capacity 66712K, committed 66856K, reserved 1105920K
  class space    used 8826K, capacity 9417K, committed 9520K, reserved 1048576K
Event: 58.988 GC heap after
Heap after GC invocations=16 (full 3):
 PSYoungGen      total 190976K, used 17899K [0x00000000d5580000, 0x00000000e5900000, 0x0000000100000000)
  eden space 173056K, 0% used [0x00000000d5580000,0x00000000d5580000,0x00000000dfe80000)
  from space 17920K, 99% used [0x00000000dfe80000,0x00000000e0ffafd0,0x00000000e1000000)
  to   space 23040K, 0% used [0x00000000e4280000,0x00000000e4280000,0x00000000e5900000)
 ParOldGen       total 72704K, used 40578K [0x0000000080000000, 0x0000000084700000, 0x00000000d5580000)
  object space 72704K, 55% used [0x0000000080000000,0x00000000827a0ba0,0x0000000084700000)
 Metaspace       used 63798K, capacity 66712K, committed 66856K, reserved 1105920K
  class space    used 8826K, capacity 9417K, committed 9520K, reserved 1048576K
}
Event: 70.089 GC heap before
{Heap before GC invocations=17 (full 3):
 PSYoungGen      total 190976K, used 190955K [0x00000000d5580000, 0x00000000e5900000, 0x0000000100000000)
  eden space 173056K, 100% used [0x00000000d5580000,0x00000000dfe80000,0x00000000dfe80000)
  from space 17920K, 99% used [0x00000000dfe80000,0x00000000e0ffafd0,0x00000000e1000000)
  to   space 23040K, 0% used [0x00000000e4280000,0x00000000e4280000,0x00000000e5900000)
 ParOldGen       total 72704K, used 40578K [0x0000000080000000, 0x0000000084700000, 0x00000000d5580000)
  object space 72704K, 55% used [0x0000000080000000,0x00000000827a0ba0,0x0000000084700000)
 Metaspace       used 71873K, capacity 75398K, committed 75560K, reserved 1114112K
  class space    used 10014K, capacity 10718K, committed 10800K, reserved 1048576K
Event: 70.184 GC heap after
Heap after GC invocations=17 (full 3):
 PSYoungGen      total 236544K, used 12271K [0x00000000d5580000, 0x00000000e5580000, 0x0000000100000000)
  eden space 217088K, 0% used [0x00000000d5580000,0x00000000d5580000,0x00000000e2980000)
  from space 19456K, 63% used [0x00000000e4280000,0x00000000e4e7bce0,0x00000000e5580000)
  to   space 22528K, 0% used [0x00000000e2980000,0x00000000e2980000,0x00000000e3f80000)
 ParOldGen       total 72704K, used 50755K [0x0000000080000000, 0x0000000084700000, 0x00000000d5580000)
  object space 72704K, 69% used [0x0000000080000000,0x0000000083190f40,0x0000000084700000)
 Metaspace       used 71873K, capacity 75398K, committed 75560K, reserved 1114112K
  class space    used 10014K, capacity 10718K, committed 10800K, reserved 1048576K
}
Event: 187.721 GC heap before
{Heap before GC invocations=18 (full 3):
 PSYoungGen      total 236544K, used 229359K [0x00000000d5580000, 0x00000000e5580000, 0x0000000100000000)
  eden space 217088K, 100% used [0x00000000d5580000,0x00000000e2980000,0x00000000e2980000)
  from space 19456K, 63% used [0x00000000e4280000,0x00000000e4e7bce0,0x00000000e5580000)
  to   space 22528K, 0% used [0x00000000e2980000,0x00000000e2980000,0x00000000e3f80000)
 ParOldGen       total 72704K, used 50755K [0x0000000080000000, 0x0000000084700000, 0x00000000d5580000)
  object space 72704K, 69% used [0x0000000080000000,0x0000000083190f40,0x0000000084700000)
 Metaspace       used 85340K, capacity 89398K, committed 89640K, reserved 1126400K
  class space    used 11546K, capacity 12318K, committed 12336K, reserved 1048576K

