# JRE version: OpenJDK Runtime Environment (8.0_242) (build 1.8.0_242-release-1644-b3-6222593)
# Java VM: OpenJDK 64-Bit Server VM (25.242-b3-6222593 mixed mode linux-amd64 compressed oops)
Heap:
 PSYoungGen      total 230400K, used 22541K [0x00000000d5580000, 0x00000000e4d00000, 0x0000000100000000)
  eden space 207360K, 0% used [0x00000000d5580000,0x00000000d5580000,0x00000000e2000000)
  from space 23040K, 97% used [0x00000000e2000000,0x00000000e3603490,0x00000000e3680000)
  to   space 22528K, 0% used [0x00000000e3700000,0x00000000e3700000,0x00000000e4d00000)
 ParOldGen       total 75264K, used 52385K [0x0000000080000000, 0x0000000084980000, 0x00000000d5580000)
  object space 75264K, 69% used [0x0000000080000000,0x0000000083328458,0x0000000084980000)
 Metaspace       used 85250K, capacity 89194K, committed 89384K, reserved 1126400K
  class space    used 11526K, capacity 12294K, committed 12336K, reserved 1048576K
GC Heap History (10 events):
Event: 33.662 GC heap after
Heap after GC invocations=13 (full 2):
 PSYoungGen      total 145408K, used 12261K [0x00000000d5580000, 0x00000000e1b80000, 0x0000000100000000)
  eden space 133120K, 0% used [0x00000000d5580000,0x00000000d5580000,0x00000000dd780000)
  from space 12288K, 99% used [0x00000000dd780000,0x00000000de3797c8,0x00000000de380000)
  to   space 15872K, 0% used [0x00000000e0c00000,0x00000000e0c00000,0x00000000e1b80000)
 ParOldGen       total 46080K, used 22225K [0x0000000080000000, 0x0000000082d00000, 0x00000000d5580000)
  object space 46080K, 48% used [0x0000000080000000,0x00000000815b4668,0x0000000082d00000)
 Metaspace       used 46111K, capacity 47550K, committed 47912K, reserved 1091584K
  class space    used 6231K, capacity 6611K, committed 6704K, reserved 1048576K
}
Event: 43.468 GC heap before
{Heap before GC invocations=14 (full 2):
 PSYoungGen      total 145408K, used 142534K [0x00000000d5580000, 0x00000000e1b80000, 0x0000000100000000)
  eden space 133120K, 97% used [0x00000000d5580000,0x00000000dd4b8298,0x00000000dd780000)
  from space 12288K, 99% used [0x00000000dd780000,0x00000000de3797c8,0x00000000de380000)
  to   space 15872K, 0% used [0x00000000e0c00000,0x00000000e0c00000,0x00000000e1b80000)
 ParOldGen       total 46080K, used 22225K [0x0000000080000000, 0x0000000082d00000, 0x00000000d5580000)
  object space 46080K, 48% used [0x0000000080000000,0x00000000815b4668,0x0000000082d00000)
 Metaspace       used 57060K, capacity 59082K, committed 59160K, reserved 1099776K
  class space    used 7839K, capacity 8316K, committed 8368K, reserved 1048576K
Event: 43.585 GC heap after
Heap after GC invocations=14 (full 2):
 PSYoungGen      total 184832K, used 14584K [0x00000000d5580000, 0x00000000e1f00000, 0x0000000100000000)
  eden space 168960K, 0% used [0x00000000d5580000,0x00000000d5580000,0x00000000dfa80000)
  from space 15872K, 91% used [0x00000000e0c00000,0x00000000e1a3e160,0x00000000e1b80000)
  to   space 17920K, 0% used [0x00000000dfa80000,0x00000000dfa80000,0x00000000e0c00000)
 ParOldGen       total 46080K, used 29907K [0x0000000080000000, 0x0000000082d00000, 0x00000000d5580000)
  object space 46080K, 64% used [0x0000000080000000,0x0000000081d34f28,0x0000000082d00000)
 Metaspace       used 57060K, capacity 59082K, committed 59160K, reserved 1099776K
  class space    used 7839K, capacity 8316K, committed 8368K, reserved 1048576K
}
Event: 43.585 GC heap before
{Heap before GC invocations=15 (full 3):
 PSYoungGen      total 184832K, used 14584K [0x00000000d5580000, 0x00000000e1f00000, 0x0000000100000000)
  eden space 168960K, 0% used [0x00000000d5580000,0x00000000d5580000,0x00000000dfa80000)
  from space 15872K, 91% used [0x00000000e0c00000,0x00000000e1a3e160,0x00000000e1b80000)
  to   space 17920K, 0% used [0x00000000dfa80000,0x00000000dfa80000,0x00000000e0c00000)
 ParOldGen       total 46080K, used 29907K [0x0000000080000000, 0x0000000082d00000, 0x00000000d5580000)
  object space 46080K, 64% used [0x0000000080000000,0x0000000081d34f28,0x0000000082d00000)
 Metaspace       used 57060K, capacity 59082K, committed 59160K, reserved 1099776K
  class space    used 7839K, capacity 8316K, committed 8368K, reserved 1048576K
Event: 44.127 GC heap after
Heap after GC invocations=15 (full 3):
 PSYoungGen      total 184832K, used 0K [0x00000000d5580000, 0x00000000e1f00000, 0x0000000100000000)
  eden space 168960K, 0% used [0x00000000d5580000,0x00000000d5580000,0x00000000dfa80000)
  from space 15872K, 0% used [0x00000000e0c00000,0x00000000e0c00000,0x00000000e1b80000)
  to   space 17920K, 0% used [0x00000000dfa80000,0x00000000dfa80000,0x00000000e0c00000)
 ParOldGen       total 75264K, used 34646K [0x0000000080000000, 0x0000000084980000, 0x00000000d5580000)
  object space 75264K, 46% used [0x0000000080000000,0x00000000821d5918,0x0000000084980000)
 Metaspace       used 57055K, capacity 59064K, committed 59160K, reserved 1099776K
  class space    used 7838K, capacity 8313K, committed 8368K, reserved 1048576K
}
Event: 59.311 GC heap before
{Heap before GC invocations=16 (full 3):
 PSYoungGen      total 184832K, used 168960K [0x00000000d5580000, 0x00000000e1f00000, 0x0000000100000000)
  eden space 168960K, 100% used [0x00000000d5580000,0x00000000dfa80000,0x00000000dfa80000)
  from space 15872K, 0% used [0x00000000e0c00000,0x00000000e0c00000,0x00000000e1b80000)
  to   space 17920K, 0% used [0x00000000dfa80000,0x00000000dfa80000,0x00000000e0c00000)
 ParOldGen       total 75264K, used 34646K [0x0000000080000000, 0x0000000084980000, 0x00000000d5580000)
  object space 75264K, 46% used [0x0000000080000000,0x00000000821d5918,0x0000000084980000)
 Metaspace       used 63758K, capacity 66658K, committed 66856K, reserved 1105920K
  class space    used 8811K, capacity 9420K, committed 9520K, reserved 1048576K
Event: 59.429 GC heap after
Heap after GC invocations=16 (full 3):
 PSYoungGen      total 186880K, used 17892K [0x00000000d5580000, 0x00000000e4d80000, 0x0000000100000000)
  eden space 168960K, 0% used [0x00000000d5580000,0x00000000d5580000,0x00000000dfa80000)
  from space 17920K, 99% used [0x00000000dfa80000,0x00000000e0bf9280,0x00000000e0c00000)
  to   space 23040K, 0% used [0x00000000e3700000,0x00000000e3700000,0x00000000e4d80000)
 ParOldGen       total 75264K, used 40720K [0x0000000080000000, 0x0000000084980000, 0x00000000d5580000)
  object space 75264K, 54% used [0x0000000080000000,0x00000000827c41d8,0x0000000084980000)
 Metaspace       used 63758K, capacity 66658K, committed 66856K, reserved 1105920K
  class space    used 8811K, capacity 9420K, committed 9520K, reserved 1048576K
}
Event: 71.493 GC heap before
{Heap before GC invocations=17 (full 3):
 PSYoungGen      total 186880K, used 186852K [0x00000000d5580000, 0x00000000e4d80000, 0x0000000100000000)
  eden space 168960K, 100% used [0x00000000d5580000,0x00000000dfa80000,0x00000000dfa80000)
  from space 17920K, 99% used [0x00000000dfa80000,0x00000000e0bf9280,0x00000000e0c00000)
  to   space 23040K, 0% used [0x00000000e3700000,0x00000000e3700000,0x00000000e4d80000)
 ParOldGen       total 75264K, used 40720K [0x0000000080000000, 0x0000000084980000, 0x00000000d5580000)
  object space 75264K, 54% used [0x0000000080000000,0x00000000827c41d8,0x0000000084980000)
 Metaspace       used 71606K, capacity 74988K, committed 75176K, reserved 1114112K
  class space    used 9965K, capacity 10663K, committed 10672K, reserved 1048576K
Event: 71.625 GC heap after
Heap after GC invocations=17 (full 3):
 PSYoungGen      total 229888K, used 12136K [0x00000000d5580000, 0x00000000e4d00000, 0x0000000100000000)
  eden space 207360K, 0% used [0x00000000d5580000,0x00000000d5580000,0x00000000e2000000)
  from space 22528K, 53% used [0x00000000e3700000,0x00000000e42da178,0x00000000e4d00000)
  to   space 23040K, 0% used [0x00000000e2000000,0x00000000e2000000,0x00000000e3680000)
 ParOldGen       total 75264K, used 52377K [0x0000000080000000, 0x0000000084980000, 0x00000000d5580000)
  object space 75264K, 69% used [0x0000000080000000,0x0000000083326458,0x0000000084980000)
 Metaspace       used 71606K, capacity 74988K, committed 75176K, reserved 1114112K
  class space    used 9965K, capacity 10663K, committed 10672K, reserved 1048576K
}
Event: 261.630 GC heap before
{Heap before GC invocations=18 (full 3):
 PSYoungGen      total 229888K, used 219496K [0x00000000d5580000, 0x00000000e4d00000, 0x0000000100000000)
  eden space 207360K, 100% used [0x00000000d5580000,0x00000000e2000000,0x00000000e2000000)
  from space 22528K, 53% used [0x00000000e3700000,0x00000000e42da178,0x00000000e4d00000)
  to   space 23040K, 0% used [0x00000000e2000000,0x00000000e2000000,0x00000000e3680000)
 ParOldGen       total 75264K, used 52377K [0x0000000080000000, 0x0000000084980000, 0x00000000d5580000)
  object space 75264K, 69% used [0x0000000080000000,0x0000000083326458,0x0000000084980000)
 Metaspace       used 85250K, capacity 89194K, committed 89384K, reserved 1126400K
  class space    used 11526K, capacity 12294K, committed 12336K, reserved 1048576K

