# JRE version: OpenJDK Runtime Environment (8.0_242) (build 1.8.0_242-release-1644-b3-6222593)
# Java VM: OpenJDK 64-Bit Server VM (25.242-b3-6222593 mixed mode linux-amd64 compressed oops)
Heap:
 PSYoungGen      total 270336K, used 27317K [0x00000000d5580000, 0x00000000e8700000, 0x0000000100000000)
  eden space 238080K, 0% used [0x00000000d5580000,0x00000000d5580000,0x00000000e3e00000)
  from space 32256K, 84% used [0x00000000e3e00000,0x00000000e58ad548,0x00000000e5d80000)
  to   space 19968K, 0% used [0x00000000e5d80000,0x00000000e5d80000,0x00000000e7100000)
 ParOldGen       total 118272K, used 70417K [0x0000000080000000, 0x0000000087380000, 0x00000000d5580000)
  object space 118272K, 59% used [0x0000000080000000,0x00000000844c4658,0x0000000087380000)
 Metaspace       used 87512K, capacity 91436K, committed 91688K, reserved 1128448K
  class space    used 11732K, capacity 12485K, committed 12592K, reserved 1048576K
GC Heap History (10 events):
Event: 46.837 GC heap after
Heap after GC invocations=14 (full 2):
 PSYoungGen      total 206336K, used 14155K [0x00000000d5580000, 0x00000000e3580000, 0x0000000100000000)
  eden space 189952K, 0% used [0x00000000d5580000,0x00000000d5580000,0x00000000e0f00000)
  from space 16384K, 86% used [0x00000000e2100000,0x00000000e2ed2e60,0x00000000e3100000)
  to   space 18432K, 0% used [0x00000000e0f00000,0x00000000e0f00000,0x00000000e2100000)
 ParOldGen       total 41984K, used 30653K [0x0000000080000000, 0x0000000082900000, 0x00000000d5580000)
  object space 41984K, 73% used [0x0000000080000000,0x0000000081def690,0x0000000082900000)
 Metaspace       used 57076K, capacity 59060K, committed 59160K, reserved 1099776K
  class space    used 7844K, capacity 8315K, committed 8368K, reserved 1048576K
}
Event: 46.837 GC heap before
{Heap before GC invocations=15 (full 3):
 PSYoungGen      total 206336K, used 14155K [0x00000000d5580000, 0x00000000e3580000, 0x0000000100000000)
  eden space 189952K, 0% used [0x00000000d5580000,0x00000000d5580000,0x00000000e0f00000)
  from space 16384K, 86% used [0x00000000e2100000,0x00000000e2ed2e60,0x00000000e3100000)
  to   space 18432K, 0% used [0x00000000e0f00000,0x00000000e0f00000,0x00000000e2100000)
 ParOldGen       total 41984K, used 30653K [0x0000000080000000, 0x0000000082900000, 0x00000000d5580000)
  object space 41984K, 73% used [0x0000000080000000,0x0000000081def690,0x0000000082900000)
 Metaspace       used 57076K, capacity 59060K, committed 59160K, reserved 1099776K
  class space    used 7844K, capacity 8315K, committed 8368K, reserved 1048576K
Event: 47.411 GC heap after
Heap after GC invocations=15 (full 3):
 PSYoungGen      total 206336K, used 0K [0x00000000d5580000, 0x00000000e3580000, 0x0000000100000000)
  eden space 189952K, 0% used [0x00000000d5580000,0x00000000d5580000,0x00000000e0f00000)
  from space 16384K, 0% used [0x00000000e2100000,0x00000000e2100000,0x00000000e3100000)
  to   space 18432K, 0% used [0x00000000e0f00000,0x00000000e0f00000,0x00000000e2100000)
 ParOldGen       total 68096K, used 34339K [0x0000000080000000, 0x0000000084280000, 0x00000000d5580000)
  object space 68096K, 50% used [0x0000000080000000,0x0000000082188da0,0x0000000084280000)
 Metaspace       used 57073K, capacity 59048K, committed 59160K, reserved 1099776K
  class space    used 7843K, capacity 8313K, committed 8368K, reserved 1048576K
}
Event: 61.089 GC heap before
{Heap before GC invocations=16 (full 3):
 PSYoungGen      total 206336K, used 189952K [0x00000000d5580000, 0x00000000e3580000, 0x0000000100000000)
  eden space 189952K, 100% used [0x00000000d5580000,0x00000000e0f00000,0x00000000e0f00000)
  from space 16384K, 0% used [0x00000000e2100000,0x00000000e2100000,0x00000000e3100000)
  to   space 18432K, 0% used [0x00000000e0f00000,0x00000000e0f00000,0x00000000e2100000)
 ParOldGen       total 68096K, used 34339K [0x0000000080000000, 0x0000000084280000, 0x00000000d5580000)
  object space 68096K, 50% used [0x0000000080000000,0x0000000082188da0,0x0000000084280000)
 Metaspace       used 64749K, capacity 67552K, committed 67752K, reserved 1107968K
  class space    used 8937K, capacity 9541K, committed 9648K, reserved 1048576K
Event: 61.199 GC heap after
Heap after GC invocations=16 (full 3):
 PSYoungGen      total 208384K, used 15641K [0x00000000d5580000, 0x00000000e7100000, 0x0000000100000000)
  eden space 189952K, 0% used [0x00000000d5580000,0x00000000d5580000,0x00000000e0f00000)
  from space 18432K, 84% used [0x00000000e0f00000,0x00000000e1e467d8,0x00000000e2100000)
  to   space 19968K, 0% used [0x00000000e5d80000,0x00000000e5d80000,0x00000000e7100000)
 ParOldGen       total 68096K, used 34347K [0x0000000080000000, 0x0000000084280000, 0x00000000d5580000)
  object space 68096K, 50% used [0x0000000080000000,0x000000008218ada0,0x0000000084280000)
 Metaspace       used 64749K, capacity 67552K, committed 67752K, reserved 1107968K
  class space    used 8937K, capacity 9541K, committed 9648K, reserved 1048576K
}
Event: 78.574 GC heap before
{Heap before GC invocations=17 (full 3):
 PSYoungGen      total 208384K, used 205582K [0x00000000d5580000, 0x00000000e7100000, 0x0000000100000000)
  eden space 189952K, 99% used [0x00000000d5580000,0x00000000e0efd3a8,0x00000000e0f00000)
  from space 18432K, 84% used [0x00000000e0f00000,0x00000000e1e467d8,0x00000000e2100000)
  to   space 19968K, 0% used [0x00000000e5d80000,0x00000000e5d80000,0x00000000e7100000)
 ParOldGen       total 68096K, used 34347K [0x0000000080000000, 0x0000000084280000, 0x00000000d5580000)
  object space 68096K, 50% used [0x0000000080000000,0x000000008218ada0,0x0000000084280000)
 Metaspace       used 80036K, capacity 83792K, committed 84008K, reserved 1122304K
  class space    used 11007K, capacity 11731K, committed 11824K, reserved 1048576K
Event: 78.848 GC heap after
Heap after GC invocations=17 (full 3):
 PSYoungGen      total 258048K, used 19954K [0x00000000d5580000, 0x00000000e8700000, 0x0000000100000000)
  eden space 238080K, 0% used [0x00000000d5580000,0x00000000d5580000,0x00000000e3e00000)
  from space 19968K, 99% used [0x00000000e5d80000,0x00000000e70fcb60,0x00000000e7100000)
  to   space 32256K, 0% used [0x00000000e3e00000,0x00000000e3e00000,0x00000000e5d80000)
 ParOldGen       total 68096K, used 58776K [0x0000000080000000, 0x0000000084280000, 0x00000000d5580000)
  object space 68096K, 86% used [0x0000000080000000,0x0000000083966238,0x0000000084280000)
 Metaspace       used 80036K, capacity 83792K, committed 84008K, reserved 1122304K
  class space    used 11007K, capacity 11731K, committed 11824K, reserved 1048576K
}
Event: 78.848 GC heap before
{Heap before GC invocations=18 (full 4):
 PSYoungGen      total 258048K, used 19954K [0x00000000d5580000, 0x00000000e8700000, 0x0000000100000000)
  eden space 238080K, 0% used [0x00000000d5580000,0x00000000d5580000,0x00000000e3e00000)
  from space 19968K, 99% used [0x00000000e5d80000,0x00000000e70fcb60,0x00000000e7100000)
  to   space 32256K, 0% used [0x00000000e3e00000,0x00000000e3e00000,0x00000000e5d80000)
 ParOldGen       total 68096K, used 58776K [0x0000000080000000, 0x0000000084280000, 0x00000000d5580000)
  object space 68096K, 86% used [0x0000000080000000,0x0000000083966238,0x0000000084280000)
 Metaspace       used 80036K, capacity 83792K, committed 84008K, reserved 1122304K
  class space    used 11007K, capacity 11731K, committed 11824K, reserved 1048576K
Event: 79.845 GC heap after
Heap after GC invocations=18 (full 4):
 PSYoungGen      total 258048K, used 2541K [0x00000000d5580000, 0x00000000e8700000, 0x0000000100000000)
  eden space 238080K, 0% used [0x00000000d5580000,0x00000000d5580000,0x00000000e3e00000)
  from space 19968K, 12% used [0x00000000e5d80000,0x00000000e5ffb6e8,0x00000000e7100000)
  to   space 32256K, 0% used [0x00000000e3e00000,0x00000000e3e00000,0x00000000e5d80000)
 ParOldGen       total 118272K, used 67857K [0x0000000080000000, 0x0000000087380000, 0x00000000d5580000)
  object space 118272K, 57% used [0x0000000080000000,0x0000000084244640,0x0000000087380000)
 Metaspace       used 79899K, capacity 83408K, committed 84008K, reserved 1122304K
  class space    used 10961K, capacity 11651K, committed 11824K, reserved 1048576K
}
Event: 528.132 GC heap before
{Heap before GC invocations=19 (full 4):
 PSYoungGen      total 258048K, used 238958K [0x00000000d5580000, 0x00000000e8700000, 0x0000000100000000)
  eden space 238080K, 99% used [0x00000000d5580000,0x00000000e3c60328,0x00000000e3e00000)
  from space 19968K, 12% used [0x00000000e5d80000,0x00000000e5ffb6e8,0x00000000e7100000)
  to   space 32256K, 0% used [0x00000000e3e00000,0x00000000e3e00000,0x00000000e5d80000)
 ParOldGen       total 118272K, used 67857K [0x0000000080000000, 0x0000000087380000, 0x00000000d5580000)
  object space 118272K, 57% used [0x0000000080000000,0x0000000084244640,0x0000000087380000)
 Metaspace       used 87512K, capacity 91436K, committed 91688K, reserved 1128448K
  class space    used 11732K, capacity 12485K, committed 12592K, reserved 1048576K

