# JRE version: OpenJDK Runtime Environment (8.0_242) (build 1.8.0_242-release-1644-b3-6222593)
# Java VM: OpenJDK 64-Bit Server VM (25.242-b3-6222593 mixed mode linux-amd64 compressed oops)
Heap:
 PSYoungGen      total 342528K, used 16044K [0x00000000d5580000, 0x00000000ec100000, 0x0000000100000000)
  eden space 320000K, 0% used [0x00000000d5580000,0x00000000d5580000,0x00000000e8e00000)
  from space 22528K, 71% used [0x00000000e8e00000,0x00000000e9dab170,0x00000000ea400000)
  to   space 20480K, 0% used [0x00000000ea400000,0x00000000ea400000,0x00000000eb800000)
 ParOldGen       total 75264K, used 59897K [0x0000000080000000, 0x0000000084980000, 0x00000000d5580000)
  object space 75264K, 79% used [0x0000000080000000,0x0000000083a7e688,0x0000000084980000)
 Metaspace       used 72176K, capacity 76312K, committed 76584K, reserved 1116160K
  class space    used 9929K, capacity 10741K, committed 10800K, reserved 1048576K
GC Heap History (10 events):
Event: 65.361 GC heap after
Heap after GC invocations=17 (full 3):
 PSYoungGen      total 234496K, used 9662K [0x00000000d5580000, 0x00000000e5000000, 0x0000000100000000)
  eden space 214528K, 0% used [0x00000000d5580000,0x00000000d5580000,0x00000000e2700000)
  from space 19968K, 48% used [0x00000000e3c80000,0x00000000e45ef968,0x00000000e5000000)
  to   space 20992K, 0% used [0x00000000e2700000,0x00000000e2700000,0x00000000e3b80000)
 ParOldGen       total 75264K, used 54608K [0x0000000080000000, 0x0000000084980000, 0x00000000d5580000)
  object space 75264K, 72% used [0x0000000080000000,0x0000000083554398,0x0000000084980000)
 Metaspace       used 68606K, capacity 72096K, committed 72232K, reserved 1112064K
  class space    used 9556K, capacity 10257K, committed 10288K, reserved 1048576K
}
Event: 71.425 GC heap before
{Heap before GC invocations=18 (full 3):
 PSYoungGen      total 234496K, used 224190K [0x00000000d5580000, 0x00000000e5000000, 0x0000000100000000)
  eden space 214528K, 100% used [0x00000000d5580000,0x00000000e2700000,0x00000000e2700000)
  from space 19968K, 48% used [0x00000000e3c80000,0x00000000e45ef968,0x00000000e5000000)
  to   space 20992K, 0% used [0x00000000e2700000,0x00000000e2700000,0x00000000e3b80000)
 ParOldGen       total 75264K, used 54608K [0x0000000080000000, 0x0000000084980000, 0x00000000d5580000)
  object space 75264K, 72% used [0x0000000080000000,0x0000000083554398,0x0000000084980000)
 Metaspace       used 70086K, capacity 73936K, committed 74024K, reserved 1112064K
  class space    used 9739K, capacity 10489K, committed 10544K, reserved 1048576K
Event: 71.525 GC heap after
Heap after GC invocations=18 (full 3):
 PSYoungGen      total 235520K, used 9742K [0x00000000d5580000, 0x00000000e8780000, 0x0000000100000000)
  eden space 214528K, 0% used [0x00000000d5580000,0x00000000d5580000,0x00000000e2700000)
  from space 20992K, 46% used [0x00000000e2700000,0x00000000e30838b8,0x00000000e3b80000)
  to   space 20480K, 0% used [0x00000000e7380000,0x00000000e7380000,0x00000000e8780000)
 ParOldGen       total 75264K, used 54616K [0x0000000080000000, 0x0000000084980000, 0x00000000d5580000)
  object space 75264K, 72% used [0x0000000080000000,0x0000000083556398,0x0000000084980000)
 Metaspace       used 70086K, capacity 73936K, committed 74024K, reserved 1112064K
  class space    used 9739K, capacity 10489K, committed 10544K, reserved 1048576K
}
Event: 74.970 GC heap before
{Heap before GC invocations=19 (full 3):
 PSYoungGen      total 235520K, used 224270K [0x00000000d5580000, 0x00000000e8780000, 0x0000000100000000)
  eden space 214528K, 100% used [0x00000000d5580000,0x00000000e2700000,0x00000000e2700000)
  from space 20992K, 46% used [0x00000000e2700000,0x00000000e30838b8,0x00000000e3b80000)
  to   space 20480K, 0% used [0x00000000e7380000,0x00000000e7380000,0x00000000e8780000)
 ParOldGen       total 75264K, used 54616K [0x0000000080000000, 0x0000000084980000, 0x00000000d5580000)
  object space 75264K, 72% used [0x0000000080000000,0x0000000083556398,0x0000000084980000)
 Metaspace       used 70469K, capacity 74372K, committed 74536K, reserved 1114112K
  class space    used 9747K, capacity 10491K, committed 10544K, reserved 1048576K
Event: 75.025 GC heap after
Heap after GC invocations=19 (full 3):
 PSYoungGen      total 290816K, used 10519K [0x00000000d5580000, 0x00000000e8600000, 0x0000000100000000)
  eden space 271872K, 0% used [0x00000000d5580000,0x00000000d5580000,0x00000000e5f00000)
  from space 18944K, 55% used [0x00000000e7380000,0x00000000e7dc5cc8,0x00000000e8600000)
  to   space 19968K, 0% used [0x00000000e5f00000,0x00000000e5f00000,0x00000000e7280000)
 ParOldGen       total 75264K, used 54624K [0x0000000080000000, 0x0000000084980000, 0x00000000d5580000)
  object space 75264K, 72% used [0x0000000080000000,0x0000000083558398,0x0000000084980000)
 Metaspace       used 70469K, capacity 74372K, committed 74536K, reserved 1114112K
  class space    used 9747K, capacity 10491K, committed 10544K, reserved 1048576K
}
Event: 79.736 GC heap before
{Heap before GC invocations=20 (full 3):
 PSYoungGen      total 290816K, used 282391K [0x00000000d5580000, 0x00000000e8600000, 0x0000000100000000)
  eden space 271872K, 100% used [0x00000000d5580000,0x00000000e5f00000,0x00000000e5f00000)
  from space 18944K, 55% used [0x00000000e7380000,0x00000000e7dc5cc8,0x00000000e8600000)
  to   space 19968K, 0% used [0x00000000e5f00000,0x00000000e5f00000,0x00000000e7280000)
 ParOldGen       total 75264K, used 54624K [0x0000000080000000, 0x0000000084980000, 0x00000000d5580000)
  object space 75264K, 72% used [0x0000000080000000,0x0000000083558398,0x0000000084980000)
 Metaspace       used 70723K, capacity 74680K, committed 74792K, reserved 1114112K
  class space    used 9747K, capacity 10491K, committed 10544K, reserved 1048576K
Event: 79.837 GC heap after
Heap after GC invocations=20 (full 3):
 PSYoungGen      total 291840K, used 13426K [0x00000000d5580000, 0x00000000eb800000, 0x0000000100000000)
  eden space 271872K, 0% used [0x00000000d5580000,0x00000000d5580000,0x00000000e5f00000)
  from space 19968K, 67% used [0x00000000e5f00000,0x00000000e6c1c838,0x00000000e7280000)
  to   space 20480K, 0% used [0x00000000ea400000,0x00000000ea400000,0x00000000eb800000)
 ParOldGen       total 75264K, used 54632K [0x0000000080000000, 0x0000000084980000, 0x00000000d5580000)
  object space 75264K, 72% used [0x0000000080000000,0x000000008355a398,0x0000000084980000)
 Metaspace       used 70723K, capacity 74680K, committed 74792K, reserved 1114112K
  class space    used 9747K, capacity 10491K, committed 10544K, reserved 1048576K
}
Event: 84.241 GC heap before
{Heap before GC invocations=21 (full 3):
 PSYoungGen      total 291840K, used 285298K [0x00000000d5580000, 0x00000000eb800000, 0x0000000100000000)
  eden space 271872K, 100% used [0x00000000d5580000,0x00000000e5f00000,0x00000000e5f00000)
  from space 19968K, 67% used [0x00000000e5f00000,0x00000000e6c1c838,0x00000000e7280000)
  to   space 20480K, 0% used [0x00000000ea400000,0x00000000ea400000,0x00000000eb800000)
 ParOldGen       total 75264K, used 54632K [0x0000000080000000, 0x0000000084980000, 0x00000000d5580000)
  object space 75264K, 72% used [0x0000000080000000,0x000000008355a398,0x0000000084980000)
 Metaspace       used 70879K, capacity 74876K, committed 75048K, reserved 1114112K
  class space    used 9750K, capacity 10497K, committed 10544K, reserved 1048576K
Event: 84.390 GC heap after
Heap after GC invocations=21 (full 3):
 PSYoungGen      total 340480K, used 18423K [0x00000000d5580000, 0x00000000ec100000, 0x0000000100000000)
  eden space 320000K, 0% used [0x00000000d5580000,0x00000000d5580000,0x00000000e8e00000)
  from space 20480K, 89% used [0x00000000ea400000,0x00000000eb5fdc98,0x00000000eb800000)
  to   space 22528K, 0% used [0x00000000e8e00000,0x00000000e8e00000,0x00000000ea400000)
 ParOldGen       total 75264K, used 54632K [0x0000000080000000, 0x0000000084980000, 0x00000000d5580000)
  object space 75264K, 72% used [0x0000000080000000,0x000000008355a398,0x0000000084980000)
 Metaspace       used 70879K, capacity 74876K, committed 75048K, reserved 1114112K
  class space    used 9750K, capacity 10497K, committed 10544K, reserved 1048576K
}
Event: 89.800 GC heap before
{Heap before GC invocations=22 (full 3):
 PSYoungGen      total 340480K, used 338423K [0x00000000d5580000, 0x00000000ec100000, 0x0000000100000000)
  eden space 320000K, 100% used [0x00000000d5580000,0x00000000e8e00000,0x00000000e8e00000)
  from space 20480K, 89% used [0x00000000ea400000,0x00000000eb5fdc98,0x00000000eb800000)
  to   space 22528K, 0% used [0x00000000e8e00000,0x00000000e8e00000,0x00000000ea400000)
 ParOldGen       total 75264K, used 54632K [0x0000000080000000, 0x0000000084980000, 0x00000000d5580000)
  object space 75264K, 72% used [0x0000000080000000,0x000000008355a398,0x0000000084980000)
 Metaspace       used 72176K, capacity 76312K, committed 76584K, reserved 1116160K
  class space    used 9929K, capacity 10741K, committed 10800K, reserved 1048576K

