# JRE version: OpenJDK Runtime Environment (8.0_242) (build 1.8.0_242-release-1644-b3-6222593)
# Java VM: OpenJDK 64-Bit Server VM (25.242-b3-6222593 mixed mode linux-amd64 compressed oops)
Heap:
 PSYoungGen      total 297984K, used 24042K [0x00000000d5580000, 0x00000000e9100000, 0x0000000100000000)
  eden space 273920K, 0% used [0x00000000d5580000,0x00000000d5580000,0x00000000e6100000)
  from space 24064K, 99% used [0x00000000e6100000,0x00000000e787abd8,0x00000000e7880000)
  to   space 22016K, 0% used [0x00000000e7880000,0x00000000e7880000,0x00000000e8e00000)
 ParOldGen       total 72192K, used 63893K [0x0000000080000000, 0x0000000084680000, 0x00000000d5580000)
  object space 72192K, 88% used [0x0000000080000000,0x0000000083e65678,0x0000000084680000)
 Metaspace       used 90303K, capacity 94860K, committed 95016K, reserved 1132544K
  class space    used 11906K, capacity 12751K, committed 12848K, reserved 1048576K
GC Heap History (10 events):
Event: 48.712 GC heap after
Heap after GC invocations=15 (full 3):
 PSYoungGen      total 192512K, used 0K [0x00000000d5580000, 0x00000000e2680000, 0x0000000100000000)
  eden space 176640K, 0% used [0x00000000d5580000,0x00000000d5580000,0x00000000e0200000)
  from space 15872K, 0% used [0x00000000e1380000,0x00000000e1380000,0x00000000e2300000)
  to   space 17920K, 0% used [0x00000000e0200000,0x00000000e0200000,0x00000000e1380000)
 ParOldGen       total 72192K, used 34539K [0x0000000080000000, 0x0000000084680000, 0x00000000d5580000)
  object space 72192K, 47% used [0x0000000080000000,0x00000000821bad70,0x0000000084680000)
 Metaspace       used 57160K, capacity 59060K, committed 59160K, reserved 1099776K
  class space    used 7854K, capacity 8315K, committed 8368K, reserved 1048576K
}
Event: 61.880 GC heap before
{Heap before GC invocations=16 (full 3):
 PSYoungGen      total 192512K, used 176640K [0x00000000d5580000, 0x00000000e2680000, 0x0000000100000000)
  eden space 176640K, 100% used [0x00000000d5580000,0x00000000e0200000,0x00000000e0200000)
  from space 15872K, 0% used [0x00000000e1380000,0x00000000e1380000,0x00000000e2300000)
  to   space 17920K, 0% used [0x00000000e0200000,0x00000000e0200000,0x00000000e1380000)
 ParOldGen       total 72192K, used 34539K [0x0000000080000000, 0x0000000084680000, 0x00000000d5580000)
  object space 72192K, 47% used [0x0000000080000000,0x00000000821bad70,0x0000000084680000)
 Metaspace       used 63767K, capacity 66424K, committed 66728K, reserved 1105920K
  class space    used 8732K, capacity 9297K, committed 9392K, reserved 1048576K
Event: 62.040 GC heap after
Heap after GC invocations=16 (full 3):
 PSYoungGen      total 194560K, used 17903K [0x00000000d5580000, 0x00000000e5c80000, 0x0000000100000000)
  eden space 176640K, 0% used [0x00000000d5580000,0x00000000d5580000,0x00000000e0200000)
  from space 17920K, 99% used [0x00000000e0200000,0x00000000e137bd20,0x00000000e1380000)
  to   space 22528K, 0% used [0x00000000e4680000,0x00000000e4680000,0x00000000e5c80000)
 ParOldGen       total 72192K, used 38153K [0x0000000080000000, 0x0000000084680000, 0x00000000d5580000)
  object space 72192K, 52% used [0x0000000080000000,0x0000000082542598,0x0000000084680000)
 Metaspace       used 63767K, capacity 66424K, committed 66728K, reserved 1105920K
  class space    used 8732K, capacity 9297K, committed 9392K, reserved 1048576K
}
Event: 126.021 GC heap before
{Heap before GC invocations=17 (full 3):
 PSYoungGen      total 194560K, used 194543K [0x00000000d5580000, 0x00000000e5c80000, 0x0000000100000000)
  eden space 176640K, 100% used [0x00000000d5580000,0x00000000e0200000,0x00000000e0200000)
  from space 17920K, 99% used [0x00000000e0200000,0x00000000e137bd20,0x00000000e1380000)
  to   space 22528K, 0% used [0x00000000e4680000,0x00000000e4680000,0x00000000e5c80000)
 ParOldGen       total 72192K, used 38153K [0x0000000080000000, 0x0000000084680000, 0x00000000d5580000)
  object space 72192K, 52% used [0x0000000080000000,0x0000000082542598,0x0000000084680000)
 Metaspace       used 72623K, capacity 75660K, committed 75816K, reserved 1114112K
  class space    used 9622K, capacity 10261K, committed 10288K, reserved 1048576K
Event: 126.883 GC heap after
Heap after GC invocations=17 (full 3):
 PSYoungGen      total 242688K, used 12957K [0x00000000d5580000, 0x00000000e5a80000, 0x0000000100000000)
  eden space 222208K, 0% used [0x00000000d5580000,0x00000000d5580000,0x00000000e2e80000)
  from space 20480K, 63% used [0x00000000e4680000,0x00000000e5327540,0x00000000e5a80000)
  to   space 22528K, 0% used [0x00000000e2e80000,0x00000000e2e80000,0x00000000e4480000)
 ParOldGen       total 72192K, used 53191K [0x0000000080000000, 0x0000000084680000, 0x00000000d5580000)
  object space 72192K, 73% used [0x0000000080000000,0x00000000833f1c10,0x0000000084680000)
 Metaspace       used 72623K, capacity 75660K, committed 75816K, reserved 1114112K
  class space    used 9622K, capacity 10261K, committed 10288K, reserved 1048576K
}
Event: 143.322 GC heap before
{Heap before GC invocations=18 (full 3):
 PSYoungGen      total 242688K, used 235165K [0x00000000d5580000, 0x00000000e5a80000, 0x0000000100000000)
  eden space 222208K, 100% used [0x00000000d5580000,0x00000000e2e80000,0x00000000e2e80000)
  from space 20480K, 63% used [0x00000000e4680000,0x00000000e5327540,0x00000000e5a80000)
  to   space 22528K, 0% used [0x00000000e2e80000,0x00000000e2e80000,0x00000000e4480000)
 ParOldGen       total 72192K, used 53191K [0x0000000080000000, 0x0000000084680000, 0x00000000d5580000)
  object space 72192K, 73% used [0x0000000080000000,0x00000000833f1c10,0x0000000084680000)
 Metaspace       used 74522K, capacity 77718K, committed 77864K, reserved 1116160K
  class space    used 9770K, capacity 10432K, committed 10544K, reserved 1048576K
Event: 143.480 GC heap after
Heap after GC invocations=18 (full 3):
 PSYoungGen      total 244736K, used 11190K [0x00000000d5580000, 0x00000000e8e00000, 0x0000000100000000)
  eden space 222208K, 0% used [0x00000000d5580000,0x00000000d5580000,0x00000000e2e80000)
  from space 22528K, 49% used [0x00000000e2e80000,0x00000000e396d810,0x00000000e4480000)
  to   space 22016K, 0% used [0x00000000e7880000,0x00000000e7880000,0x00000000e8e00000)
 ParOldGen       total 72192K, used 53199K [0x0000000080000000, 0x0000000084680000, 0x00000000d5580000)
  object space 72192K, 73% used [0x0000000080000000,0x00000000833f3c10,0x0000000084680000)
 Metaspace       used 74522K, capacity 77718K, committed 77864K, reserved 1116160K
  class space    used 9770K, capacity 10432K, committed 10544K, reserved 1048576K
}
Event: 158.994 GC heap before
{Heap before GC invocations=19 (full 3):
 PSYoungGen      total 244736K, used 233398K [0x00000000d5580000, 0x00000000e8e00000, 0x0000000100000000)
  eden space 222208K, 100% used [0x00000000d5580000,0x00000000e2e80000,0x00000000e2e80000)
  from space 22528K, 49% used [0x00000000e2e80000,0x00000000e396d810,0x00000000e4480000)
  to   space 22016K, 0% used [0x00000000e7880000,0x00000000e7880000,0x00000000e8e00000)
 ParOldGen       total 72192K, used 53199K [0x0000000080000000, 0x0000000084680000, 0x00000000d5580000)
  object space 72192K, 73% used [0x0000000080000000,0x00000000833f3c10,0x0000000084680000)
 Metaspace       used 80562K, capacity 83930K, committed 84136K, reserved 1122304K
  class space    used 10498K, capacity 11178K, committed 11184K, reserved 1048576K
Event: 159.201 GC heap after
Heap after GC invocations=19 (full 3):
 PSYoungGen      total 295936K, used 18283K [0x00000000d5580000, 0x00000000e9100000, 0x0000000100000000)
  eden space 273920K, 0% used [0x00000000d5580000,0x00000000d5580000,0x00000000e6100000)
  from space 22016K, 83% used [0x00000000e7880000,0x00000000e8a5aee8,0x00000000e8e00000)
  to   space 24064K, 0% used [0x00000000e6100000,0x00000000e6100000,0x00000000e7880000)
 ParOldGen       total 72192K, used 53207K [0x0000000080000000, 0x0000000084680000, 0x00000000d5580000)
  object space 72192K, 73% used [0x0000000080000000,0x00000000833f5c10,0x0000000084680000)
 Metaspace       used 80562K, capacity 83930K, committed 84136K, reserved 1122304K
  class space    used 10498K, capacity 11178K, committed 11184K, reserved 1048576K
}
Event: 172.928 GC heap before
{Heap before GC invocations=20 (full 3):
 PSYoungGen      total 295936K, used 292203K [0x00000000d5580000, 0x00000000e9100000, 0x0000000100000000)
  eden space 273920K, 100% used [0x00000000d5580000,0x00000000e6100000,0x00000000e6100000)
  from space 22016K, 83% used [0x00000000e7880000,0x00000000e8a5aee8,0x00000000e8e00000)
  to   space 24064K, 0% used [0x00000000e6100000,0x00000000e6100000,0x00000000e7880000)
 ParOldGen       total 72192K, used 53207K [0x0000000080000000, 0x0000000084680000, 0x00000000d5580000)
  object space 72192K, 73% used [0x0000000080000000,0x00000000833f5c10,0x0000000084680000)
 Metaspace       used 90303K, capacity 94860K, committed 95016K, reserved 1132544K
  class space    used 11906K, capacity 12751K, committed 12848K, reserved 1048576K

