# JRE version: OpenJDK Runtime Environment (8.0_242) (build 1.8.0_242-release-1644-b3-6222593)
# Java VM: OpenJDK 64-Bit Server VM (25.242-b3-6222593 mixed mode linux-amd64 compressed oops)
Heap:
 PSYoungGen      total 242688K, used 20979K [0x00000000d5580000, 0x00000000e5700000, 0x0000000100000000)
  eden space 221696K, 0% used [0x00000000d5580000,0x00000000d5580000,0x00000000e2e00000)
  from space 20992K, 99% used [0x00000000e2e00000,0x00000000e427cd38,0x00000000e4280000)
  to   space 15872K, 0% used [0x00000000e4780000,0x00000000e4780000,0x00000000e5700000)
 ParOldGen       total 70656K, used 67893K [0x0000000080000000, 0x0000000084500000, 0x00000000d5580000)
  object space 70656K, 96% used [0x0000000080000000,0x000000008424d480,0x0000000084500000)
 Metaspace       used 84448K, capacity 88589K, committed 88744K, reserved 1126400K
  class space    used 11440K, capacity 12204K, committed 12208K, reserved 1048576K
GC Heap History (10 events):
Event: 35.184 GC heap after
Heap after GC invocations=13 (full 2):
 PSYoungGen      total 145920K, used 12271K [0x00000000d5580000, 0x00000000e2380000, 0x0000000100000000)
  eden space 133632K, 0% used [0x00000000d5580000,0x00000000d5580000,0x00000000dd800000)
  from space 12288K, 99% used [0x00000000dd800000,0x00000000de3fbc78,0x00000000de400000)
  to   space 15872K, 0% used [0x00000000e1400000,0x00000000e1400000,0x00000000e2380000)
 ParOldGen       total 43520K, used 22013K [0x0000000080000000, 0x0000000082a80000, 0x00000000d5580000)
  object space 43520K, 50% used [0x0000000080000000,0x000000008157f7b8,0x0000000082a80000)
 Metaspace       used 46117K, capacity 47499K, committed 47656K, reserved 1089536K
  class space    used 6239K, capacity 6612K, committed 6704K, reserved 1048576K
}
Event: 43.579 GC heap before
{Heap before GC invocations=14 (full 2):
 PSYoungGen      total 145920K, used 141408K [0x00000000d5580000, 0x00000000e2380000, 0x0000000100000000)
  eden space 133632K, 96% used [0x00000000d5580000,0x00000000dd39c628,0x00000000dd800000)
  from space 12288K, 99% used [0x00000000dd800000,0x00000000de3fbc78,0x00000000de400000)
  to   space 15872K, 0% used [0x00000000e1400000,0x00000000e1400000,0x00000000e2380000)
 ParOldGen       total 43520K, used 22013K [0x0000000080000000, 0x0000000082a80000, 0x00000000d5580000)
  object space 43520K, 50% used [0x0000000080000000,0x000000008157f7b8,0x0000000082a80000)
 Metaspace       used 57068K, capacity 59087K, committed 59160K, reserved 1099776K
  class space    used 7844K, capacity 8317K, committed 8368K, reserved 1048576K
Event: 43.728 GC heap after
Heap after GC invocations=14 (full 2):
 PSYoungGen      total 193024K, used 14428K [0x00000000d5580000, 0x00000000e2780000, 0x0000000100000000)
  eden space 177152K, 0% used [0x00000000d5580000,0x00000000d5580000,0x00000000e0280000)
  from space 15872K, 90% used [0x00000000e1400000,0x00000000e22173a8,0x00000000e2380000)
  to   space 17920K, 0% used [0x00000000e0280000,0x00000000e0280000,0x00000000e1400000)
 ParOldGen       total 43520K, used 29692K [0x0000000080000000, 0x0000000082a80000, 0x00000000d5580000)
  object space 43520K, 68% used [0x0000000080000000,0x0000000081cff068,0x0000000082a80000)
 Metaspace       used 57068K, capacity 59087K, committed 59160K, reserved 1099776K
  class space    used 7844K, capacity 8317K, committed 8368K, reserved 1048576K
}
Event: 43.728 GC heap before
{Heap before GC invocations=15 (full 3):
 PSYoungGen      total 193024K, used 14428K [0x00000000d5580000, 0x00000000e2780000, 0x0000000100000000)
  eden space 177152K, 0% used [0x00000000d5580000,0x00000000d5580000,0x00000000e0280000)
  from space 15872K, 90% used [0x00000000e1400000,0x00000000e22173a8,0x00000000e2380000)
  to   space 17920K, 0% used [0x00000000e0280000,0x00000000e0280000,0x00000000e1400000)
 ParOldGen       total 43520K, used 29692K [0x0000000080000000, 0x0000000082a80000, 0x00000000d5580000)
  object space 43520K, 68% used [0x0000000080000000,0x0000000081cff068,0x0000000082a80000)
 Metaspace       used 57068K, capacity 59087K, committed 59160K, reserved 1099776K
  class space    used 7844K, capacity 8317K, committed 8368K, reserved 1048576K
Event: 44.234 GC heap after
Heap after GC invocations=15 (full 3):
 PSYoungGen      total 193024K, used 0K [0x00000000d5580000, 0x00000000e2780000, 0x0000000100000000)
  eden space 177152K, 0% used [0x00000000d5580000,0x00000000d5580000,0x00000000e0280000)
  from space 15872K, 0% used [0x00000000e1400000,0x00000000e1400000,0x00000000e2380000)
  to   space 17920K, 0% used [0x00000000e0280000,0x00000000e0280000,0x00000000e1400000)
 ParOldGen       total 70656K, used 34485K [0x0000000080000000, 0x0000000084500000, 0x00000000d5580000)
  object space 70656K, 48% used [0x0000000080000000,0x00000000821ad550,0x0000000084500000)
 Metaspace       used 57061K, capacity 59063K, committed 59160K, reserved 1099776K
  class space    used 7842K, capacity 8313K, committed 8368K, reserved 1048576K
}
Event: 57.040 GC heap before
{Heap before GC invocations=16 (full 3):
 PSYoungGen      total 193024K, used 177152K [0x00000000d5580000, 0x00000000e2780000, 0x0000000100000000)
  eden space 177152K, 100% used [0x00000000d5580000,0x00000000e0280000,0x00000000e0280000)
  from space 15872K, 0% used [0x00000000e1400000,0x00000000e1400000,0x00000000e2380000)
  to   space 17920K, 0% used [0x00000000e0280000,0x00000000e0280000,0x00000000e1400000)
 ParOldGen       total 70656K, used 34485K [0x0000000080000000, 0x0000000084500000, 0x00000000d5580000)
  object space 70656K, 48% used [0x0000000080000000,0x00000000821ad550,0x0000000084500000)
 Metaspace       used 62453K, capacity 65279K, committed 65576K, reserved 1105920K
  class space    used 8601K, capacity 9189K, committed 9264K, reserved 1048576K
Event: 57.151 GC heap after
Heap after GC invocations=16 (full 3):
 PSYoungGen      total 195072K, used 17915K [0x00000000d5580000, 0x00000000e5c80000, 0x0000000100000000)
  eden space 177152K, 0% used [0x00000000d5580000,0x00000000d5580000,0x00000000e0280000)
  from space 17920K, 99% used [0x00000000e0280000,0x00000000e13fefb8,0x00000000e1400000)
  to   space 21504K, 0% used [0x00000000e4780000,0x00000000e4780000,0x00000000e5c80000)
 ParOldGen       total 70656K, used 36317K [0x0000000080000000, 0x0000000084500000, 0x00000000d5580000)
  object space 70656K, 51% used [0x0000000080000000,0x0000000082377508,0x0000000084500000)
 Metaspace       used 62453K, capacity 65279K, committed 65576K, reserved 1105920K
  class space    used 8601K, capacity 9189K, committed 9264K, reserved 1048576K
}
Event: 72.638 GC heap before
{Heap before GC invocations=17 (full 3):
 PSYoungGen      total 195072K, used 195067K [0x00000000d5580000, 0x00000000e5c80000, 0x0000000100000000)
  eden space 177152K, 100% used [0x00000000d5580000,0x00000000e0280000,0x00000000e0280000)
  from space 17920K, 99% used [0x00000000e0280000,0x00000000e13fefb8,0x00000000e1400000)
  to   space 21504K, 0% used [0x00000000e4780000,0x00000000e4780000,0x00000000e5c80000)
 ParOldGen       total 70656K, used 36317K [0x0000000080000000, 0x0000000084500000, 0x00000000d5580000)
  object space 70656K, 51% used [0x0000000080000000,0x0000000082377508,0x0000000084500000)
 Metaspace       used 70418K, capacity 73479K, committed 73768K, reserved 1112064K
  class space    used 9526K, capacity 10169K, committed 10288K, reserved 1048576K
Event: 72.719 GC heap after
Heap after GC invocations=17 (full 3):
 PSYoungGen      total 237568K, used 11208K [0x00000000d5580000, 0x00000000e5700000, 0x0000000100000000)
  eden space 221696K, 0% used [0x00000000d5580000,0x00000000d5580000,0x00000000e2e00000)
  from space 15872K, 70% used [0x00000000e4780000,0x00000000e5272190,0x00000000e5700000)
  to   space 20992K, 0% used [0x00000000e2e00000,0x00000000e2e00000,0x00000000e4280000)
 ParOldGen       total 70656K, used 44930K [0x0000000080000000, 0x0000000084500000, 0x00000000d5580000)
  object space 70656K, 63% used [0x0000000080000000,0x0000000082be0a58,0x0000000084500000)
 Metaspace       used 70418K, capacity 73479K, committed 73768K, reserved 1112064K
  class space    used 9526K, capacity 10169K, committed 10288K, reserved 1048576K
}
Event: 89.066 GC heap before
{Heap before GC invocations=18 (full 3):
 PSYoungGen      total 237568K, used 232904K [0x00000000d5580000, 0x00000000e5700000, 0x0000000100000000)
  eden space 221696K, 100% used [0x00000000d5580000,0x00000000e2e00000,0x00000000e2e00000)
  from space 15872K, 70% used [0x00000000e4780000,0x00000000e5272190,0x00000000e5700000)
  to   space 20992K, 0% used [0x00000000e2e00000,0x00000000e2e00000,0x00000000e4280000)
 ParOldGen       total 70656K, used 44930K [0x0000000080000000, 0x0000000084500000, 0x00000000d5580000)
  object space 70656K, 63% used [0x0000000080000000,0x0000000082be0a58,0x0000000084500000)
 Metaspace       used 84448K, capacity 88589K, committed 88744K, reserved 1126400K
  class space    used 11440K, capacity 12204K, committed 12208K, reserved 1048576K

