# JRE version: OpenJDK Runtime Environment (8.0_242) (build 1.8.0_242-release-1644-b3-6222593)
# Java VM: OpenJDK 64-Bit Server VM (25.242-b3-6222593 mixed mode linux-amd64 compressed oops)
Heap:
 PSYoungGen      total 375296K, used 20485K [0x00000000d5580000, 0x00000000ede80000, 0x0000000100000000)
  eden space 350208K, 0% used [0x00000000d5580000,0x00000000d5580000,0x00000000eab80000)
  from space 25088K, 81% used [0x00000000ead80000,0x00000000ec181620,0x00000000ec600000)
  to   space 20480K, 0% used [0x00000000eca80000,0x00000000eca80000,0x00000000ede80000)
 ParOldGen       total 76288K, used 70486K [0x0000000080000000, 0x0000000084a80000, 0x00000000d5580000)
  object space 76288K, 92% used [0x0000000080000000,0x00000000844d58d0,0x0000000084a80000)
 Metaspace       used 93906K, capacity 98486K, committed 98600K, reserved 1134592K
  class space    used 12168K, capacity 13096K, committed 13104K, reserved 1048576K
GC Heap History (10 events):
Event: 62.443 GC heap after
Heap after GC invocations=13 (full 2):
 PSYoungGen      total 229888K, used 15114K [0x00000000d5580000, 0x00000000e8f00000, 0x0000000100000000)
  eden space 214528K, 0% used [0x00000000d5580000,0x00000000d5580000,0x00000000e2700000)
  from space 15360K, 98% used [0x00000000e2700000,0x00000000e35c2860,0x00000000e3600000)
  to   space 17920K, 0% used [0x00000000e7d80000,0x00000000e7d80000,0x00000000e8f00000)
 ParOldGen       total 46080K, used 30715K [0x0000000080000000, 0x0000000082d00000, 0x00000000d5580000)
  object space 46080K, 66% used [0x0000000080000000,0x0000000081dfee48,0x0000000082d00000)
 Metaspace       used 57048K, capacity 59112K, committed 59160K, reserved 1099776K
  class space    used 7640K, capacity 8110K, committed 8112K, reserved 1048576K
}
Event: 62.443 GC heap before
{Heap before GC invocations=14 (full 3):
 PSYoungGen      total 229888K, used 15114K [0x00000000d5580000, 0x00000000e8f00000, 0x0000000100000000)
  eden space 214528K, 0% used [0x00000000d5580000,0x00000000d5580000,0x00000000e2700000)
  from space 15360K, 98% used [0x00000000e2700000,0x00000000e35c2860,0x00000000e3600000)
  to   space 17920K, 0% used [0x00000000e7d80000,0x00000000e7d80000,0x00000000e8f00000)
 ParOldGen       total 46080K, used 30715K [0x0000000080000000, 0x0000000082d00000, 0x00000000d5580000)
  object space 46080K, 66% used [0x0000000080000000,0x0000000081dfee48,0x0000000082d00000)
 Metaspace       used 57048K, capacity 59112K, committed 59160K, reserved 1099776K
  class space    used 7640K, capacity 8110K, committed 8112K, reserved 1048576K
Event: 63.011 GC heap after
Heap after GC invocations=14 (full 3):
 PSYoungGen      total 229888K, used 0K [0x00000000d5580000, 0x00000000e8f00000, 0x0000000100000000)
  eden space 214528K, 0% used [0x00000000d5580000,0x00000000d5580000,0x00000000e2700000)
  from space 15360K, 0% used [0x00000000e2700000,0x00000000e2700000,0x00000000e3600000)
  to   space 17920K, 0% used [0x00000000e7d80000,0x00000000e7d80000,0x00000000e8f00000)
 ParOldGen       total 76288K, used 35131K [0x0000000080000000, 0x0000000084a80000, 0x00000000d5580000)
  object space 76288K, 46% used [0x0000000080000000,0x000000008224ee18,0x0000000084a80000)
 Metaspace       used 57000K, capacity 58976K, committed 59160K, reserved 1099776K
  class space    used 7629K, capacity 8094K, committed 8112K, reserved 1048576K
}
Event: 86.519 GC heap before
{Heap before GC invocations=15 (full 3):
 PSYoungGen      total 229888K, used 214528K [0x00000000d5580000, 0x00000000e8f00000, 0x0000000100000000)
  eden space 214528K, 100% used [0x00000000d5580000,0x00000000e2700000,0x00000000e2700000)
  from space 15360K, 0% used [0x00000000e2700000,0x00000000e2700000,0x00000000e3600000)
  to   space 17920K, 0% used [0x00000000e7d80000,0x00000000e7d80000,0x00000000e8f00000)
 ParOldGen       total 76288K, used 35131K [0x0000000080000000, 0x0000000084a80000, 0x00000000d5580000)
  object space 76288K, 46% used [0x0000000080000000,0x000000008224ee18,0x0000000084a80000)
 Metaspace       used 68698K, capacity 71020K, committed 71088K, reserved 1110016K
  class space    used 9351K, capacity 9879K, committed 9904K, reserved 1048576K
Event: 86.984 GC heap after
Heap after GC invocations=15 (full 3):
 PSYoungGen      total 300032K, used 17903K [0x00000000d5580000, 0x00000000e9400000, 0x0000000100000000)
  eden space 282112K, 0% used [0x00000000d5580000,0x00000000d5580000,0x00000000e6900000)
  from space 17920K, 99% used [0x00000000e7d80000,0x00000000e8efbf30,0x00000000e8f00000)
  to   space 20992K, 0% used [0x00000000e6900000,0x00000000e6900000,0x00000000e7d80000)
 ParOldGen       total 76288K, used 35792K [0x0000000080000000, 0x0000000084a80000, 0x00000000d5580000)
  object space 76288K, 46% used [0x0000000080000000,0x00000000822f43b0,0x0000000084a80000)
 Metaspace       used 68698K, capacity 71020K, committed 71088K, reserved 1110016K
  class space    used 9351K, capacity 9879K, committed 9904K, reserved 1048576K
}
Event: 1749.852 GC heap before
{Heap before GC invocations=16 (full 3):
 PSYoungGen      total 300032K, used 300015K [0x00000000d5580000, 0x00000000e9400000, 0x0000000100000000)
  eden space 282112K, 100% used [0x00000000d5580000,0x00000000e6900000,0x00000000e6900000)
  from space 17920K, 99% used [0x00000000e7d80000,0x00000000e8efbf30,0x00000000e8f00000)
  to   space 20992K, 0% used [0x00000000e6900000,0x00000000e6900000,0x00000000e7d80000)
 ParOldGen       total 76288K, used 35792K [0x0000000080000000, 0x0000000084a80000, 0x00000000d5580000)
  object space 76288K, 46% used [0x0000000080000000,0x00000000822f43b0,0x0000000084a80000)
 Metaspace       used 77394K, capacity 80722K, committed 81072K, reserved 1120256K
  class space    used 10130K, capacity 10833K, committed 10928K, reserved 1048576K
Event: 1751.277 GC heap after
Heap after GC invocations=16 (full 3):
 PSYoungGen      total 303104K, used 10080K [0x00000000d5580000, 0x00000000ede80000, 0x0000000100000000)
  eden space 282112K, 0% used [0x00000000d5580000,0x00000000d5580000,0x00000000e6900000)
  from space 20992K, 48% used [0x00000000e6900000,0x00000000e72d82c8,0x00000000e7d80000)
  to   space 20480K, 0% used [0x00000000eca80000,0x00000000eca80000,0x00000000ede80000)
 ParOldGen       total 76288K, used 46632K [0x0000000080000000, 0x0000000084a80000, 0x00000000d5580000)
  object space 76288K, 61% used [0x0000000080000000,0x0000000082d8a3f8,0x0000000084a80000)
 Metaspace       used 77394K, capacity 80722K, committed 81072K, reserved 1120256K
  class space    used 10130K, capacity 10833K, committed 10928K, reserved 1048576K
}
Event: 3615.052 GC heap before
{Heap before GC invocations=17 (full 3):
 PSYoungGen      total 303104K, used 292192K [0x00000000d5580000, 0x00000000ede80000, 0x0000000100000000)
  eden space 282112K, 100% used [0x00000000d5580000,0x00000000e6900000,0x00000000e6900000)
  from space 20992K, 48% used [0x00000000e6900000,0x00000000e72d82c8,0x00000000e7d80000)
  to   space 20480K, 0% used [0x00000000eca80000,0x00000000eca80000,0x00000000ede80000)
 ParOldGen       total 76288K, used 46632K [0x0000000080000000, 0x0000000084a80000, 0x00000000d5580000)
  object space 76288K, 61% used [0x0000000080000000,0x0000000082d8a3f8,0x0000000084a80000)
 Metaspace       used 86176K, capacity 90508K, committed 90800K, reserved 1128448K
  class space    used 11303K, capacity 12157K, committed 12208K, reserved 1048576K
Event: 3616.216 GC heap after
Heap after GC invocations=17 (full 3):
 PSYoungGen      total 370688K, used 20479K [0x00000000d5580000, 0x00000000ede80000, 0x0000000100000000)
  eden space 350208K, 0% used [0x00000000d5580000,0x00000000d5580000,0x00000000eab80000)
  from space 20480K, 99% used [0x00000000eca80000,0x00000000ede7fe60,0x00000000ede80000)
  to   space 25088K, 0% used [0x00000000ead80000,0x00000000ead80000,0x00000000ec600000)
 ParOldGen       total 76288K, used 51505K [0x0000000080000000, 0x0000000084a80000, 0x00000000d5580000)
  object space 76288K, 67% used [0x0000000080000000,0x000000008324c638,0x0000000084a80000)
 Metaspace       used 86176K, capacity 90508K, committed 90800K, reserved 1128448K
  class space    used 11303K, capacity 12157K, committed 12208K, reserved 1048576K
}
Event: 3631.104 GC heap before
{Heap before GC invocations=18 (full 3):
 PSYoungGen      total 370688K, used 184385K [0x00000000d5580000, 0x00000000ede80000, 0x0000000100000000)
  eden space 350208K, 46% used [0x00000000d5580000,0x00000000df590940,0x00000000eab80000)
  from space 20480K, 99% used [0x00000000eca80000,0x00000000ede7fe60,0x00000000ede80000)
  to   space 25088K, 0% used [0x00000000ead80000,0x00000000ead80000,0x00000000ec600000)
 ParOldGen       total 76288K, used 51505K [0x0000000080000000, 0x0000000084a80000, 0x00000000d5580000)
  object space 76288K, 67% used [0x0000000080000000,0x000000008324c638,0x0000000084a80000)
 Metaspace       used 93906K, capacity 98486K, committed 98600K, reserved 1134592K
  class space    used 12168K, capacity 13096K, committed 13104K, reserved 1048576K

